2018-Jul-08 19:19:01.678691 INFO    walled v1.0.0.0
2018-Jul-08 19:19:01.680690 INFO    Starting Payment Gate with remote node
2018-Jul-08 19:19:01.681698 INFO    Loading wallet
2018-Jul-08 19:19:01.681698 INFO    Loading container...
2018-Jul-08 19:19:01.739689 INFO    Consumer added, consumer 0x1dd452aaec0, count 1
2018-Jul-08 19:19:01.739689 INFO    Loading...
2018-Jul-08 19:19:01.739689 INFO    Loaded
2018-Jul-08 19:19:01.739689 INFO    Starting...
2018-Jul-08 19:19:01.740690 INFO    Container loaded, view public key febb7a47b6c6c1fd3985ceddedf4e9ef87d7bf6b48e7924694c202471a37535a, wallet count 1, actual balance 0.000000000000, pending balance 0.000000000000
2018-Jul-08 19:19:01.740690 INFO    Removing outdated pool transactions...
2018-Jul-08 19:19:01.740690 INFO    Wallet loading is finished.
2018-Jul-08 19:19:01.741692 INFO    Stopping container
2018-Jul-08 19:19:01.741692 ERROR   WalletGreen is already stopped
2018-Jul-08 19:19:06.778793 INFO    walled v1.0.0.0
2018-Jul-08 19:19:06.780794 INFO    Starting Payment Gate with remote node
2018-Jul-08 19:19:06.780794 INFO    Loading wallet
2018-Jul-08 19:19:06.780794 INFO    Loading container...
2018-Jul-08 19:19:06.810783 INFO    Consumer added, consumer 0x1f7af85c570, count 1
2018-Jul-08 19:19:06.810783 INFO    Loading...
2018-Jul-08 19:19:06.810783 INFO    Loaded
2018-Jul-08 19:19:06.810783 INFO    Starting...
2018-Jul-08 19:19:06.810783 INFO    Container loaded, view public key febb7a47b6c6c1fd3985ceddedf4e9ef87d7bf6b48e7924694c202471a37535a, wallet count 1, actual balance 0.000000000000, pending balance 0.000000000000
2018-Jul-08 19:19:06.810783 INFO    Removing outdated pool transactions...
2018-Jul-08 19:19:06.811784 INFO    Wallet loading is finished.
2018-Jul-08 19:19:06.811784 ERROR   Failed to query outdated pool transaction: NodeErrorCategory:3, Network error
2018-Jul-08 19:19:06.811784 INFO    Retry in 5 seconds...
2018-Jul-08 19:19:10.172025 WARNING Error while getting transactions: Requested object not found
2018-Jul-08 19:19:11.812235 INFO    Removing outdated pool transactions...
2018-Jul-08 19:19:11.812235 ERROR   Failed to query outdated pool transaction: NodeErrorCategory:3, Network error
2018-Jul-08 19:19:11.812235 INFO    Retry in 5 seconds...
2018-Jul-08 19:19:16.813362 INFO    Removing outdated pool transactions...
2018-Jul-08 19:19:16.813362 ERROR   Failed to query outdated pool transaction: NodeErrorCategory:3, Network error
2018-Jul-08 19:19:16.813362 INFO    Retry in 5 seconds...
2018-Jul-08 19:19:21.813750 INFO    Removing outdated pool transactions...
2018-Jul-08 19:19:21.813750 ERROR   Failed to query outdated pool transaction: NodeErrorCategory:3, Network error
2018-Jul-08 19:19:21.813750 INFO    Retry in 5 seconds...
2018-Jul-08 19:19:26.814334 INFO    Removing outdated pool transactions...
2018-Jul-08 19:19:26.814334 ERROR   Failed to query outdated pool transaction: NodeErrorCategory:3, Network error
2018-Jul-08 19:19:26.814334 INFO    Retry in 5 seconds...
2018-Jul-08 19:19:31.814854 INFO    Removing outdated pool transactions...
2018-Jul-08 19:19:31.814854 ERROR   Failed to query outdated pool transaction: NodeErrorCategory:3, Network error
2018-Jul-08 19:19:31.814854 INFO    Retry in 5 seconds...
2018-Jul-08 19:19:36.769044 INFO    Stopping...
2018-Jul-08 19:19:36.769044 INFO    Stopped
2018-Jul-08 19:19:36.773043 INFO    New wallet added TL4LS53WnPrYrGMrQnk7b3EJYxVzz6aaxfoHHG9Bc5xtKQSZk9MQ2mKZSwPuNv1e6og8UCjYguErARU4LkFNocNA1iWRQXUpA, creation timestamp 1531070376
2018-Jul-08 19:19:36.773043 INFO    Starting...
2018-Jul-08 19:19:36.774043 ERROR   Failed to query blocks: NodeErrorCategory:3, Network error
2018-Jul-08 19:19:38.068497 INFO    Stopping...
2018-Jul-08 19:19:38.068497 INFO    Stopped
2018-Jul-08 19:19:38.072501 INFO    New wallet added TL3G3Y9LmGd6CHH5iSXNh41CHaCXHckyp52dw2VYbdyMUBTJ8ZWBd5oZSwPuNv1e6og8UCjYguErARU4LkFNocNA1iWReVuqy, creation timestamp 1531070378
2018-Jul-08 19:19:38.072501 INFO    Starting...
2018-Jul-08 19:19:38.072501 ERROR   Failed to query blocks: NodeErrorCategory:3, Network error
2018-Jul-08 19:23:00.223677 INFO    walled v1.0.0.0
2018-Jul-08 19:23:00.225678 INFO    Starting Payment Gate with remote node
2018-Jul-08 19:23:00.226676 INFO    Loading wallet
2018-Jul-08 19:23:00.226676 INFO    Loading container...
2018-Jul-08 19:23:00.258686 INFO    Consumer added, consumer 0x2696125f170, count 1
2018-Jul-08 19:23:00.259685 INFO    Loading...
2018-Jul-08 19:23:00.259685 INFO    Loaded
2018-Jul-08 19:23:00.259685 WARNING Found addresses not saved in container cache. Resynchronize container
2018-Jul-08 19:23:00.259685 INFO    Consumer removed, consumer 0x2696125f170, count 0
2018-Jul-08 19:23:00.259685 INFO    Consumer added, consumer 0x2696125f170, count 1
2018-Jul-08 19:23:00.259685 INFO    Saving...
2018-Jul-08 19:23:00.259685 INFO    Saved
2018-Jul-08 19:23:00.271684 INFO    Starting...
2018-Jul-08 19:23:00.271684 INFO    Removing outdated pool transactions...
2018-Jul-08 19:23:00.271684 INFO    Container loaded, view public key febb7a47b6c6c1fd3985ceddedf4e9ef87d7bf6b48e7924694c202471a37535a, wallet count 3, actual balance 0.000000000000, pending balance 0.000000000000
2018-Jul-08 19:23:00.272676 INFO    Wallet loading is finished.
2018-Jul-08 19:23:00.272676 INFO    Stopping container
2018-Jul-08 19:23:00.272676 ERROR   WalletGreen is already stopped
2018-Jul-08 19:23:05.311789 INFO    walled v1.0.0.0
2018-Jul-08 19:23:05.312789 INFO    Starting Payment Gate with remote node
2018-Jul-08 19:23:05.313789 INFO    Loading wallet
2018-Jul-08 19:23:05.313789 INFO    Loading container...
2018-Jul-08 19:23:05.346787 INFO    Consumer added, consumer 0x182477de310, count 1
2018-Jul-08 19:23:05.346787 INFO    Loading...
2018-Jul-08 19:23:05.346787 INFO    Loaded
2018-Jul-08 19:23:05.346787 INFO    Starting...
2018-Jul-08 19:23:05.347800 INFO    Removing outdated pool transactions...
2018-Jul-08 19:23:05.347800 INFO    Container loaded, view public key febb7a47b6c6c1fd3985ceddedf4e9ef87d7bf6b48e7924694c202471a37535a, wallet count 3, actual balance 0.000000000000, pending balance 0.000000000000
2018-Jul-08 19:23:05.347800 ERROR   Failed to query outdated pool transaction: NodeErrorCategory:3, Network error
2018-Jul-08 19:23:05.347800 INFO    Wallet loading is finished.
2018-Jul-08 19:23:05.348788 INFO    Retry in 5 seconds...
2018-Jul-08 19:23:10.348863 INFO    Removing outdated pool transactions...
2018-Jul-08 19:23:10.348863 ERROR   Failed to query outdated pool transaction: NodeErrorCategory:3, Network error
2018-Jul-08 19:23:10.348863 INFO    Retry in 5 seconds...
2018-Jul-08 19:23:10.675853 WARNING Error while getting transactions: Requested object not found
2018-Jul-08 19:23:15.349380 INFO    Removing outdated pool transactions...
2018-Jul-08 19:23:15.349380 ERROR   Failed to query outdated pool transaction: NodeErrorCategory:3, Network error
2018-Jul-08 19:23:15.349380 INFO    Retry in 5 seconds...
2018-Jul-08 19:23:20.350192 INFO    Removing outdated pool transactions...
2018-Jul-08 19:23:20.350192 ERROR   Failed to query outdated pool transaction: NodeErrorCategory:3, Network error
2018-Jul-08 19:23:20.350192 INFO    Retry in 5 seconds...
2018-Jul-08 19:23:25.350290 INFO    Removing outdated pool transactions...
2018-Jul-08 19:23:25.350290 ERROR   Failed to query outdated pool transaction: NodeErrorCategory:3, Network error
2018-Jul-08 19:23:25.351279 INFO    Retry in 5 seconds...
2018-Jul-08 19:23:30.351775 INFO    Removing outdated pool transactions...
2018-Jul-08 19:23:30.351775 ERROR   Failed to query outdated pool transaction: NodeErrorCategory:3, Network error
2018-Jul-08 19:23:30.351775 INFO    Retry in 5 seconds...
2018-Jul-08 19:23:35.352340 INFO    Removing outdated pool transactions...
2018-Jul-08 19:23:35.352340 ERROR   Failed to query outdated pool transaction: NodeErrorCategory:3, Network error
2018-Jul-08 19:23:35.352340 INFO    Retry in 5 seconds...
2018-Jul-08 19:23:40.352659 INFO    Removing outdated pool transactions...
2018-Jul-08 19:23:40.352659 ERROR   Failed to query outdated pool transaction: NodeErrorCategory:3, Network error
2018-Jul-08 19:23:40.352659 INFO    Retry in 5 seconds...
2018-Jul-08 19:23:45.352928 INFO    Removing outdated pool transactions...
2018-Jul-08 19:23:45.352928 ERROR   Failed to query outdated pool transaction: NodeErrorCategory:3, Network error
2018-Jul-08 19:23:45.352928 INFO    Retry in 5 seconds...
2018-Jul-08 19:23:50.353583 INFO    Removing outdated pool transactions...
2018-Jul-08 19:23:50.353583 ERROR   Failed to query outdated pool transaction: NodeErrorCategory:3, Network error
2018-Jul-08 19:23:50.353583 INFO    Retry in 5 seconds...
2018-Jul-08 21:19:53.104607 INFO    walled v1.0.0.0
2018-Jul-08 21:19:53.105607 INFO    Starting Payment Gate with remote node
2018-Jul-08 21:19:53.106607 INFO    Loading wallet
2018-Jul-08 21:19:53.106607 INFO    Loading container...
2018-Jul-08 21:19:53.149605 INFO    Consumer added, consumer 0x203e6bbcc20, count 1
2018-Jul-08 21:19:53.149605 INFO    Starting...
2018-Jul-08 21:19:53.150605 INFO    Container loaded, view public key 2d9f18f538511f37dc6a7fe841c93f0ae77aace9cef64be397ac4c7bccd100a6, wallet count 1, actual balance 0.000000000000, pending balance 0.000000000000
2018-Jul-08 21:19:53.150605 INFO    Removing outdated pool transactions...
2018-Jul-08 21:19:53.150605 INFO    Wallet loading is finished.
2018-Jul-08 21:19:53.151605 INFO    Stopping container
2018-Jul-08 21:19:53.151605 ERROR   WalletGreen is already stopped
2018-Jul-08 21:19:58.202454 INFO    walled v1.0.0.0
2018-Jul-08 21:19:58.204456 INFO    Starting Payment Gate with remote node
2018-Jul-08 21:19:58.205455 INFO    Loading wallet
2018-Jul-08 21:19:58.205455 INFO    Loading container...
2018-Jul-08 21:19:58.275453 INFO    Consumer added, consumer 0x24e3a44ce40, count 1
2018-Jul-08 21:19:58.275453 INFO    Starting...
2018-Jul-08 21:19:58.275453 INFO    Removing outdated pool transactions...
2018-Jul-08 21:19:58.275453 INFO    Container loaded, view public key 2d9f18f538511f37dc6a7fe841c93f0ae77aace9cef64be397ac4c7bccd100a6, wallet count 1, actual balance 0.000000000000, pending balance 0.000000000000
2018-Jul-08 21:19:58.277452 INFO    Wallet loading is finished.
2018-Jul-08 21:20:01.705351 WARNING Error while getting transactions: Requested object not found
2018-Jul-08 21:20:02.227334 ERROR   Failed to query outdated pool transaction: NodeErrorCategory:7, Can't connect to daemon
2018-Jul-08 21:20:02.227334 INFO    Retry in 5 seconds...
2018-Jul-08 21:20:07.228306 INFO    Removing outdated pool transactions...
2018-Jul-08 21:20:10.232217 ERROR   Failed to query outdated pool transaction: NodeErrorCategory:7, Can't connect to daemon
2018-Jul-08 21:20:10.232217 INFO    Retry in 5 seconds...
2018-Jul-08 21:22:29.240744 INFO    walled v1.0.0.0
2018-Jul-08 21:22:29.241744 INFO    Generating new wallet
2018-Jul-08 21:22:29.271746 INFO    New container initialized, public view key 0ca54ed73fa2d8c8979bf567d4171c8518ab1ea83875dd983227a8b12e41019e
2018-Jul-08 21:22:29.275757 INFO    Consumer added, consumer 0x25d70e2d350, count 1
2018-Jul-08 21:22:29.275757 INFO    New wallet added TL42rtNAFivcMjKJ2RbSB9APEERQVdb11RQTGHyKWdtUUEG4cpNJpZodG5BcFbgQ625mgNaqetncke4kB6H6H5WG11ojXSZAu, creation timestamp 1531077749
2018-Jul-08 21:22:29.275757 INFO    Starting...
2018-Jul-08 21:22:29.275757 INFO    New wallet is generated. Address: TL42rtNAFivcMjKJ2RbSB9APEERQVdb11RQTGHyKWdtUUEG4cpNJpZodG5BcFbgQ625mgNaqetncke4kB6H6H5WG11ojXSZAu
2018-Jul-08 21:22:29.275757 INFO    Removing outdated pool transactions...
2018-Jul-08 21:22:29.276744 INFO    Saving container...
2018-Jul-08 21:22:29.276744 INFO    Outdated pool transactions processed
2018-Jul-08 21:22:29.277753 INFO    Stopping...
2018-Jul-08 21:22:29.277753 INFO    Stopped
2018-Jul-08 21:22:29.289752 INFO    Starting...
2018-Jul-08 21:22:29.290742 INFO    Container saved
2018-Jul-08 21:22:29.290742 INFO    Wallet is saved
2018-Jul-08 21:22:29.290742 INFO    Stopping...
2018-Jul-08 21:22:29.290742 INFO    Stopped
2018-Jul-08 21:22:29.292757 INFO    Consumer removed, consumer 0x25d70e2d350, count 0
2018-Jul-08 21:22:29.292757 INFO    Stopping...
2018-Jul-08 21:22:29.292757 INFO    Stopped
2018-Jul-08 21:22:29.292757 INFO    Stopping...
2018-Jul-08 21:22:29.293742 INFO    Stopped
2018-Jul-08 21:22:33.983898 INFO    walled v1.0.0.0
2018-Jul-08 21:22:33.984898 INFO    Starting Payment Gate with remote node
2018-Jul-08 21:22:33.985903 INFO    Loading wallet
2018-Jul-08 21:22:33.985903 INFO    Loading container...
2018-Jul-08 21:22:34.010888 INFO    Consumer added, consumer 0x275d31dbdb0, count 1
2018-Jul-08 21:22:34.010888 INFO    Starting...
2018-Jul-08 21:22:34.010888 INFO    Removing outdated pool transactions...
2018-Jul-08 21:22:34.010888 INFO    Container loaded, view public key 0ca54ed73fa2d8c8979bf567d4171c8518ab1ea83875dd983227a8b12e41019e, wallet count 1, actual balance 0.000000000000, pending balance 0.000000000000
2018-Jul-08 21:22:34.011903 INFO    Wallet loading is finished.
2018-Jul-08 21:22:34.011903 INFO    Stopping container
2018-Jul-08 21:22:34.011903 ERROR   WalletGreen is already stopped
2018-Jul-08 21:22:39.048261 INFO    walled v1.0.0.0
2018-Jul-08 21:22:39.049260 INFO    Starting Payment Gate with remote node
2018-Jul-08 21:22:39.049260 INFO    Loading wallet
2018-Jul-08 21:22:39.050260 INFO    Loading container...
2018-Jul-08 21:22:39.072290 INFO    Consumer added, consumer 0x1887f64c700, count 1
2018-Jul-08 21:22:39.072290 INFO    Starting...
2018-Jul-08 21:22:39.072290 INFO    Removing outdated pool transactions...
2018-Jul-08 21:22:39.072290 INFO    Container loaded, view public key 0ca54ed73fa2d8c8979bf567d4171c8518ab1ea83875dd983227a8b12e41019e, wallet count 1, actual balance 0.000000000000, pending balance 0.000000000000
2018-Jul-08 21:22:39.073260 INFO    Wallet loading is finished.
2018-Jul-08 21:22:40.409443 WARNING Error while getting transactions: Requested object not found
2018-Jul-08 21:22:43.056889 ERROR   Failed to query outdated pool transaction: NodeErrorCategory:7, Can't connect to daemon
2018-Jul-08 21:22:43.056889 INFO    Retry in 5 seconds...
2018-Jul-08 21:22:48.057394 INFO    Removing outdated pool transactions...
2018-Jul-08 21:22:51.060475 ERROR   Failed to query outdated pool transaction: NodeErrorCategory:7, Can't connect to daemon
2018-Jul-08 21:22:51.060475 INFO    Retry in 5 seconds...
2018-Jul-08 21:22:56.060620 INFO    Removing outdated pool transactions...
2018-Jul-08 21:22:59.063423 ERROR   Failed to query outdated pool transaction: NodeErrorCategory:7, Can't connect to daemon
2018-Jul-08 21:22:59.063423 INFO    Retry in 5 seconds...
2018-Jul-08 21:23:04.063556 INFO    Removing outdated pool transactions...
2018-Jul-08 21:23:07.066011 ERROR   Failed to query outdated pool transaction: NodeErrorCategory:7, Can't connect to daemon
2018-Jul-08 21:23:07.066011 INFO    Retry in 5 seconds...
2018-Jul-08 21:23:12.066414 INFO    Removing outdated pool transactions...
2018-Jul-08 21:23:15.072912 ERROR   Failed to query outdated pool transaction: NodeErrorCategory:7, Can't connect to daemon
2018-Jul-08 21:23:15.072912 INFO    Retry in 5 seconds...
2018-Jul-08 21:23:20.073749 INFO    Removing outdated pool transactions...
2018-Jul-08 21:23:23.104659 ERROR   Failed to query outdated pool transaction: NodeErrorCategory:7, Can't connect to daemon
2018-Jul-08 21:23:23.104659 INFO    Retry in 5 seconds...
2018-Jul-08 21:23:28.105551 INFO    Removing outdated pool transactions...
2018-Jul-08 21:23:31.106249 ERROR   Failed to query outdated pool transaction: NodeErrorCategory:7, Can't connect to daemon
2018-Jul-08 21:23:31.106249 INFO    Retry in 5 seconds...
2018-Jul-08 21:23:36.106595 INFO    Removing outdated pool transactions...
2018-Jul-08 21:23:39.108400 ERROR   Failed to query outdated pool transaction: NodeErrorCategory:7, Can't connect to daemon
2018-Jul-08 21:23:39.108400 INFO    Retry in 5 seconds...
2018-Jul-08 21:23:44.108971 INFO    Removing outdated pool transactions...
2018-Jul-08 21:23:47.110442 ERROR   Failed to query outdated pool transaction: NodeErrorCategory:7, Can't connect to daemon
2018-Jul-08 21:23:47.110442 INFO    Retry in 5 seconds...
2018-Jul-08 21:24:05.105163 INFO    walled v1.0.0.0
2018-Jul-08 21:24:05.106162 INFO    Starting Payment Gate with remote node
2018-Jul-08 21:24:05.106162 INFO    Loading wallet
2018-Jul-08 21:24:05.107162 INFO    Loading container...
2018-Jul-08 21:24:05.130171 INFO    Consumer added, consumer 0x23160d6e2e0, count 1
2018-Jul-08 21:24:05.130171 INFO    Starting...
2018-Jul-08 21:24:05.131162 INFO    Removing outdated pool transactions...
2018-Jul-08 21:24:05.131162 INFO    Container loaded, view public key 0ca54ed73fa2d8c8979bf567d4171c8518ab1ea83875dd983227a8b12e41019e, wallet count 1, actual balance 0.000000000000, pending balance 0.000000000000
2018-Jul-08 21:24:05.132161 INFO    Wallet loading is finished.
2018-Jul-08 21:24:05.132161 INFO    Stopping container
2018-Jul-08 21:24:05.132161 ERROR   WalletGreen is already stopped
2018-Jul-08 21:24:10.165425 INFO    walled v1.0.0.0
2018-Jul-08 21:24:10.166424 INFO    Starting Payment Gate with remote node
2018-Jul-08 21:24:10.167433 INFO    Loading wallet
2018-Jul-08 21:24:10.167433 INFO    Loading container...
2018-Jul-08 21:24:10.189432 INFO    Consumer added, consumer 0x1f7a02fb780, count 1
2018-Jul-08 21:24:10.190432 INFO    Starting...
2018-Jul-08 21:24:10.190432 INFO    Container loaded, view public key 0ca54ed73fa2d8c8979bf567d4171c8518ab1ea83875dd983227a8b12e41019e, wallet count 1, actual balance 0.000000000000, pending balance 0.000000000000
2018-Jul-08 21:24:10.190432 INFO    Removing outdated pool transactions...
2018-Jul-08 21:24:10.191423 INFO    Wallet loading is finished.
2018-Jul-08 21:24:11.519529 WARNING Error while getting transactions: Requested object not found
2018-Jul-08 21:24:14.173159 ERROR   Failed to query outdated pool transaction: NodeErrorCategory:7, Can't connect to daemon
2018-Jul-08 21:24:14.173159 INFO    Retry in 5 seconds...
2018-Jul-08 21:24:19.174045 INFO    Removing outdated pool transactions...
2018-Jul-08 21:24:22.176429 ERROR   Failed to query outdated pool transaction: NodeErrorCategory:7, Can't connect to daemon
2018-Jul-08 21:24:22.176429 INFO    Retry in 5 seconds...
2018-Jul-08 21:24:27.176462 INFO    Removing outdated pool transactions...
2018-Jul-08 21:24:30.179928 ERROR   Failed to query outdated pool transaction: NodeErrorCategory:7, Can't connect to daemon
2018-Jul-08 21:24:30.179928 INFO    Retry in 5 seconds...
2018-Jul-08 21:24:35.180719 INFO    Removing outdated pool transactions...
2018-Jul-08 21:24:38.183082 ERROR   Failed to query outdated pool transaction: NodeErrorCategory:7, Can't connect to daemon
2018-Jul-08 21:24:38.183082 INFO    Retry in 5 seconds...
2018-Jul-08 21:24:43.183386 INFO    Removing outdated pool transactions...
2018-Jul-08 21:24:46.187248 ERROR   Failed to query outdated pool transaction: NodeErrorCategory:7, Can't connect to daemon
2018-Jul-08 21:24:46.187248 INFO    Retry in 5 seconds...
2018-Jul-08 21:24:51.187393 INFO    Removing outdated pool transactions...
2018-Jul-08 21:24:54.191031 ERROR   Failed to query outdated pool transaction: NodeErrorCategory:7, Can't connect to daemon
2018-Jul-08 21:24:54.191031 INFO    Retry in 5 seconds...
2018-Jul-08 21:24:59.191085 INFO    Removing outdated pool transactions...
2018-Jul-08 21:26:58.780043 INFO    walled v1.0.0.0
2018-Jul-08 21:26:58.782052 INFO    Generating new wallet
2018-Jul-08 21:26:58.820050 INFO    New container initialized, public view key 25ec41a69ab6de17361332cfd16fc84f689d6e67b8cc131e8179e7de6feab6ee
2018-Jul-08 21:26:58.824041 INFO    Consumer added, consumer 0x279f036fb80, count 1
2018-Jul-08 21:26:58.824041 INFO    New wallet added TL4SeveD2VFNjsv2SzjDnhDcKY2MkJwkMcMXgZ4457tHj7ZZ17QrEv9e9ZM52q7araaWG4qiv6xbd4CUqA25DnaV2a6SUaXhd, creation timestamp 1531078018
2018-Jul-08 21:26:58.824041 INFO    Starting...
2018-Jul-08 21:26:58.825043 INFO    New wallet is generated. Address: TL4SeveD2VFNjsv2SzjDnhDcKY2MkJwkMcMXgZ4457tHj7ZZ17QrEv9e9ZM52q7araaWG4qiv6xbd4CUqA25DnaV2a6SUaXhd
2018-Jul-08 21:26:58.825043 INFO    Removing outdated pool transactions...
2018-Jul-08 21:26:58.825043 INFO    Saving container...
2018-Jul-08 21:26:58.825043 INFO    Outdated pool transactions processed
2018-Jul-08 21:26:58.826042 INFO    Stopping...
2018-Jul-08 21:26:58.826042 INFO    Stopped
2018-Jul-08 21:26:58.843044 INFO    Starting...
2018-Jul-08 21:26:58.843044 INFO    Container saved
2018-Jul-08 21:26:58.843044 INFO    Wallet is saved
2018-Jul-08 21:26:58.843044 INFO    Stopping...
2018-Jul-08 21:26:58.844042 INFO    Stopped
2018-Jul-08 21:26:58.845057 INFO    Consumer removed, consumer 0x279f036fb80, count 0
2018-Jul-08 21:26:58.846041 INFO    Stopping...
2018-Jul-08 21:26:58.846041 INFO    Stopped
2018-Jul-08 21:26:58.846041 INFO    Stopping...
2018-Jul-08 21:26:58.846041 INFO    Stopped
2018-Jul-08 21:27:03.668286 INFO    walled v1.0.0.0
2018-Jul-08 21:27:03.669287 INFO    Starting Payment Gate with remote node
2018-Jul-08 21:27:03.670287 INFO    Loading wallet
2018-Jul-08 21:27:03.670287 INFO    Loading container...
2018-Jul-08 21:27:03.699285 INFO    Consumer added, consumer 0x1459d86b630, count 1
2018-Jul-08 21:27:03.699285 INFO    Starting...
2018-Jul-08 21:27:03.699285 INFO    Removing outdated pool transactions...
2018-Jul-08 21:27:03.699285 INFO    Container loaded, view public key 25ec41a69ab6de17361332cfd16fc84f689d6e67b8cc131e8179e7de6feab6ee, wallet count 1, actual balance 0.000000000000, pending balance 0.000000000000
2018-Jul-08 21:27:03.700287 INFO    Wallet loading is finished.
2018-Jul-08 21:27:03.700287 INFO    Stopping container
2018-Jul-08 21:27:03.700287 ERROR   WalletGreen is already stopped
2018-Jul-08 21:27:08.734974 INFO    walled v1.0.0.0
2018-Jul-08 21:27:08.736964 INFO    Starting Payment Gate with remote node
2018-Jul-08 21:27:08.736964 INFO    Loading wallet
2018-Jul-08 21:27:08.736964 INFO    Loading container...
2018-Jul-08 21:27:08.768978 INFO    Consumer added, consumer 0x1f485e19c80, count 1
2018-Jul-08 21:27:08.768978 INFO    Starting...
2018-Jul-08 21:27:08.768978 INFO    Removing outdated pool transactions...
2018-Jul-08 21:27:08.768978 INFO    Container loaded, view public key 25ec41a69ab6de17361332cfd16fc84f689d6e67b8cc131e8179e7de6feab6ee, wallet count 1, actual balance 0.000000000000, pending balance 0.000000000000
2018-Jul-08 21:27:08.769978 INFO    Wallet loading is finished.
2018-Jul-08 21:27:12.094255 WARNING Error while getting transactions: Requested object not found
2018-Jul-08 21:27:12.742593 ERROR   Failed to query outdated pool transaction: NodeErrorCategory:7, Can't connect to daemon
2018-Jul-08 21:27:12.742593 INFO    Retry in 5 seconds...
2018-Jul-08 21:27:17.742697 INFO    Removing outdated pool transactions...
2018-Jul-08 21:27:20.744588 ERROR   Failed to query outdated pool transaction: NodeErrorCategory:7, Can't connect to daemon
2018-Jul-08 21:27:20.744588 INFO    Retry in 5 seconds...
2018-Jul-08 21:27:25.744683 INFO    Removing outdated pool transactions...
2018-Jul-08 21:27:28.748853 ERROR   Failed to query outdated pool transaction: NodeErrorCategory:7, Can't connect to daemon
2018-Jul-08 21:27:28.748853 INFO    Retry in 5 seconds...
2018-Jul-08 21:27:33.748901 INFO    Removing outdated pool transactions...
2018-Jul-08 21:27:36.748121 ERROR   Failed to query outdated pool transaction: NodeErrorCategory:7, Can't connect to daemon
2018-Jul-08 21:27:36.748121 INFO    Retry in 5 seconds...
2018-Jul-08 21:27:41.748503 INFO    Removing outdated pool transactions...
2018-Jul-08 21:27:44.751529 ERROR   Failed to query outdated pool transaction: NodeErrorCategory:7, Can't connect to daemon
2018-Jul-08 21:27:44.751529 INFO    Retry in 5 seconds...
2018-Jul-08 21:27:49.751884 INFO    Removing outdated pool transactions...
2018-Jul-08 21:27:52.756604 ERROR   Failed to query outdated pool transaction: NodeErrorCategory:7, Can't connect to daemon
2018-Jul-08 21:27:52.756604 INFO    Retry in 5 seconds...
2018-Jul-08 21:27:57.756730 INFO    Removing outdated pool transactions...
2018-Jul-08 21:28:00.760866 ERROR   Failed to query outdated pool transaction: NodeErrorCategory:7, Can't connect to daemon
2018-Jul-08 21:28:00.760866 INFO    Retry in 5 seconds...
2018-Jul-08 21:28:05.761428 INFO    Removing outdated pool transactions...
2018-Jul-08 21:28:08.766712 ERROR   Failed to query outdated pool transaction: NodeErrorCategory:7, Can't connect to daemon
2018-Jul-08 21:28:08.766712 INFO    Retry in 5 seconds...
2018-Jul-08 21:28:13.766912 INFO    Removing outdated pool transactions...
2018-Jul-08 21:28:16.766743 ERROR   Failed to query outdated pool transaction: NodeErrorCategory:7, Can't connect to daemon
2018-Jul-08 21:28:16.766743 INFO    Retry in 5 seconds...
2018-Jul-08 21:28:21.767234 INFO    Removing outdated pool transactions...
2018-Jul-08 21:28:24.771770 ERROR   Failed to query outdated pool transaction: NodeErrorCategory:7, Can't connect to daemon
2018-Jul-08 21:28:24.771770 INFO    Retry in 5 seconds...
2018-Jul-08 21:28:29.772513 INFO    Removing outdated pool transactions...
2018-Jul-08 21:28:32.776770 ERROR   Failed to query outdated pool transaction: NodeErrorCategory:7, Can't connect to daemon
2018-Jul-08 21:28:32.776770 INFO    Retry in 5 seconds...
2018-Jul-08 21:28:37.776770 INFO    Removing outdated pool transactions...
2018-Jul-08 21:28:40.779748 ERROR   Failed to query outdated pool transaction: NodeErrorCategory:7, Can't connect to daemon
2018-Jul-08 21:28:40.779748 INFO    Retry in 5 seconds...
2018-Jul-08 21:28:45.780259 INFO    Removing outdated pool transactions...
2018-Jul-08 21:28:48.781949 ERROR   Failed to query outdated pool transaction: NodeErrorCategory:7, Can't connect to daemon
2018-Jul-08 21:28:48.781949 INFO    Retry in 5 seconds...
2018-Jul-08 21:28:53.782081 INFO    Removing outdated pool transactions...
2018-Jul-08 21:28:56.791209 ERROR   Failed to query outdated pool transaction: NodeErrorCategory:7, Can't connect to daemon
2018-Jul-08 21:28:56.791209 INFO    Retry in 5 seconds...
2018-Jul-08 21:29:01.792131 INFO    Removing outdated pool transactions...
2018-Jul-08 21:29:04.793287 ERROR   Failed to query outdated pool transaction: NodeErrorCategory:7, Can't connect to daemon
2018-Jul-08 21:29:04.793287 INFO    Retry in 5 seconds...
2018-Jul-08 21:29:09.793573 INFO    Removing outdated pool transactions...
2018-Jul-08 21:29:12.798872 ERROR   Failed to query outdated pool transaction: NodeErrorCategory:7, Can't connect to daemon
2018-Jul-08 21:29:12.798872 INFO    Retry in 5 seconds...
2018-Jul-08 21:29:17.799036 INFO    Removing outdated pool transactions...
2018-Jul-08 21:29:20.802070 ERROR   Failed to query outdated pool transaction: NodeErrorCategory:7, Can't connect to daemon
2018-Jul-08 21:29:20.802070 INFO    Retry in 5 seconds...
2018-Jul-08 21:29:25.802213 INFO    Removing outdated pool transactions...
2018-Jul-08 21:29:28.803726 ERROR   Failed to query outdated pool transaction: NodeErrorCategory:7, Can't connect to daemon
2018-Jul-08 21:29:28.803726 INFO    Retry in 5 seconds...
2018-Jul-08 21:29:33.803868 INFO    Removing outdated pool transactions...
2018-Jul-08 21:29:36.808115 ERROR   Failed to query outdated pool transaction: NodeErrorCategory:7, Can't connect to daemon
2018-Jul-08 21:29:36.808115 INFO    Retry in 5 seconds...
2018-Jul-08 21:29:41.808809 INFO    Removing outdated pool transactions...
2018-Jul-08 21:29:44.812032 ERROR   Failed to query outdated pool transaction: NodeErrorCategory:7, Can't connect to daemon
2018-Jul-08 21:29:44.812032 INFO    Retry in 5 seconds...
2018-Jul-08 21:29:49.812507 INFO    Removing outdated pool transactions...
2018-Jul-08 21:29:52.814137 ERROR   Failed to query outdated pool transaction: NodeErrorCategory:7, Can't connect to daemon
2018-Jul-08 21:29:52.814137 INFO    Retry in 5 seconds...
2018-Jul-08 21:29:57.814442 INFO    Removing outdated pool transactions...
2018-Jul-08 21:30:00.819898 ERROR   Failed to query outdated pool transaction: NodeErrorCategory:7, Can't connect to daemon
2018-Jul-08 21:30:00.819898 INFO    Retry in 5 seconds...
2018-Jul-08 21:30:05.819917 INFO    Removing outdated pool transactions...
2018-Jul-08 21:30:08.824719 ERROR   Failed to query outdated pool transaction: NodeErrorCategory:7, Can't connect to daemon
2018-Jul-08 21:30:08.824719 INFO    Retry in 5 seconds...
2018-Jul-08 21:30:13.825630 INFO    Removing outdated pool transactions...
2018-Jul-08 21:30:16.824271 ERROR   Failed to query outdated pool transaction: NodeErrorCategory:7, Can't connect to daemon
2018-Jul-08 21:30:16.824271 INFO    Retry in 5 seconds...
2018-Jul-08 21:30:21.825052 INFO    Removing outdated pool transactions...
2018-Jul-08 21:30:24.862949 ERROR   Failed to query outdated pool transaction: NodeErrorCategory:7, Can't connect to daemon
2018-Jul-08 21:30:24.862949 INFO    Retry in 5 seconds...
2018-Jul-08 21:30:29.863804 INFO    Removing outdated pool transactions...
2018-Jul-08 21:30:32.857845 ERROR   Failed to query outdated pool transaction: NodeErrorCategory:7, Can't connect to daemon
2018-Jul-08 21:30:32.857845 INFO    Retry in 5 seconds...
2018-Jul-08 21:30:37.858449 INFO    Removing outdated pool transactions...
2018-Jul-08 21:31:22.612663 INFO    walled v1.0.0.0
2018-Jul-08 21:31:22.613663 INFO    Starting Payment Gate with remote node
2018-Jul-08 21:31:22.614662 INFO    Loading wallet
2018-Jul-08 21:31:22.614662 INFO    Loading container...
2018-Jul-08 21:31:22.660661 INFO    Consumer added, consumer 0x10e24729fb0, count 1
2018-Jul-08 21:31:22.661661 INFO    Starting...
2018-Jul-08 21:31:22.661661 INFO    Container loaded, view public key 25ec41a69ab6de17361332cfd16fc84f689d6e67b8cc131e8179e7de6feab6ee, wallet count 1, actual balance 0.000000000000, pending balance 0.000000000000
2018-Jul-08 21:31:22.661661 INFO    Removing outdated pool transactions...
2018-Jul-08 21:31:22.662663 INFO    Wallet loading is finished.
2018-Jul-08 21:31:22.662663 INFO    Stopping container
2018-Jul-08 21:31:22.662663 ERROR   WalletGreen is already stopped
2018-Jul-08 21:31:27.710511 INFO    walled v1.0.0.0
2018-Jul-08 21:31:27.712511 INFO    Starting Payment Gate with remote node
2018-Jul-08 21:31:27.712511 INFO    Loading wallet
2018-Jul-08 21:31:27.712511 INFO    Loading container...
2018-Jul-08 21:31:27.766509 INFO    Consumer added, consumer 0x2b2010c94a0, count 1
2018-Jul-08 21:31:27.766509 INFO    Starting...
2018-Jul-08 21:31:27.767509 INFO    Container loaded, view public key 25ec41a69ab6de17361332cfd16fc84f689d6e67b8cc131e8179e7de6feab6ee, wallet count 1, actual balance 0.000000000000, pending balance 0.000000000000
2018-Jul-08 21:31:27.767509 INFO    Removing outdated pool transactions...
2018-Jul-08 21:31:27.768509 INFO    Wallet loading is finished.
2018-Jul-08 21:31:31.207407 WARNING Error while getting transactions: Requested object not found
2018-Jul-08 21:31:31.723391 ERROR   Failed to query outdated pool transaction: NodeErrorCategory:7, Can't connect to daemon
2018-Jul-08 21:31:31.723391 INFO    Retry in 5 seconds...
2018-Jul-08 21:31:36.724241 INFO    Removing outdated pool transactions...
2018-Jul-08 21:31:39.729167 ERROR   Failed to query outdated pool transaction: NodeErrorCategory:7, Can't connect to daemon
2018-Jul-08 21:31:39.729167 INFO    Retry in 5 seconds...
2018-Jul-08 21:31:44.730016 INFO    Removing outdated pool transactions...
2018-Jul-08 21:31:47.759928 ERROR   Failed to query outdated pool transaction: NodeErrorCategory:7, Can't connect to daemon
2018-Jul-08 21:31:47.759928 INFO    Retry in 5 seconds...
2018-Jul-08 21:31:49.626890 WARNING Error while getting transactions: Requested object not found
2018-Jul-08 21:31:52.760470 INFO    Removing outdated pool transactions...
2018-Jul-08 21:31:55.771016 ERROR   Failed to query outdated pool transaction: NodeErrorCategory:7, Can't connect to daemon
2018-Jul-08 21:31:55.771016 INFO    Retry in 5 seconds...
2018-Jul-08 21:32:00.771874 INFO    Removing outdated pool transactions...
2018-Jul-08 21:32:03.784018 ERROR   Failed to query outdated pool transaction: NodeErrorCategory:7, Can't connect to daemon
2018-Jul-08 21:32:03.784018 INFO    Retry in 5 seconds...
2018-Jul-08 21:32:08.784926 INFO    Removing outdated pool transactions...
2018-Jul-08 21:32:11.804844 ERROR   Failed to query outdated pool transaction: NodeErrorCategory:7, Can't connect to daemon
2018-Jul-08 21:32:11.804844 INFO    Retry in 5 seconds...
2018-Jul-08 21:32:16.804999 INFO    Removing outdated pool transactions...
2018-Jul-08 21:32:19.805970 ERROR   Failed to query outdated pool transaction: NodeErrorCategory:7, Can't connect to daemon
2018-Jul-08 21:32:19.805970 INFO    Retry in 5 seconds...
2018-Jul-08 21:32:24.806834 INFO    Removing outdated pool transactions...
2018-Jul-08 21:32:27.812731 ERROR   Failed to query outdated pool transaction: NodeErrorCategory:7, Can't connect to daemon
2018-Jul-08 21:32:27.812731 INFO    Retry in 5 seconds...
2018-Jul-08 21:32:32.813582 INFO    Removing outdated pool transactions...
2018-Jul-08 21:32:35.826507 ERROR   Failed to query outdated pool transaction: NodeErrorCategory:7, Can't connect to daemon
2018-Jul-08 21:32:35.826507 INFO    Retry in 5 seconds...
2018-Jul-08 21:32:40.827343 INFO    Removing outdated pool transactions...
2018-Jul-08 21:32:43.852253 ERROR   Failed to query outdated pool transaction: NodeErrorCategory:7, Can't connect to daemon
2018-Jul-08 21:32:43.852253 INFO    Retry in 5 seconds...
2018-Jul-08 21:32:48.853104 INFO    Removing outdated pool transactions...
2018-Jul-08 21:32:51.870014 ERROR   Failed to query outdated pool transaction: NodeErrorCategory:7, Can't connect to daemon
2018-Jul-08 21:32:51.870014 INFO    Retry in 5 seconds...
2018-Jul-08 21:32:56.870033 INFO    Removing outdated pool transactions...
2018-Jul-08 21:32:59.878929 ERROR   Failed to query outdated pool transaction: NodeErrorCategory:7, Can't connect to daemon
2018-Jul-08 21:32:59.878929 INFO    Retry in 5 seconds...
2018-Jul-08 21:33:04.879477 INFO    Removing outdated pool transactions...
2018-Jul-08 21:33:07.892829 ERROR   Failed to query outdated pool transaction: NodeErrorCategory:7, Can't connect to daemon
2018-Jul-08 21:33:07.892829 INFO    Retry in 5 seconds...
2018-Jul-08 21:33:12.892934 INFO    Removing outdated pool transactions...
2018-Jul-08 21:33:15.898760 ERROR   Failed to query outdated pool transaction: NodeErrorCategory:7, Can't connect to daemon
2018-Jul-08 21:33:15.898760 INFO    Retry in 5 seconds...
2018-Jul-08 21:33:20.898997 INFO    Removing outdated pool transactions...
2018-Jul-08 21:33:23.900958 ERROR   Failed to query outdated pool transaction: NodeErrorCategory:7, Can't connect to daemon
2018-Jul-08 21:33:23.900958 INFO    Retry in 5 seconds...
2018-Jul-08 21:33:28.901114 INFO    Removing outdated pool transactions...
2018-Jul-08 21:33:31.911024 ERROR   Failed to query outdated pool transaction: NodeErrorCategory:7, Can't connect to daemon
2018-Jul-08 21:33:31.911024 INFO    Retry in 5 seconds...
2018-Jul-08 21:33:36.911037 INFO    Removing outdated pool transactions...
2018-Jul-08 21:33:39.928948 ERROR   Failed to query outdated pool transaction: NodeErrorCategory:7, Can't connect to daemon
2018-Jul-08 21:33:39.928948 INFO    Retry in 5 seconds...
2018-Jul-08 21:33:44.929784 INFO    Removing outdated pool transactions...
2018-Jul-08 21:35:45.489613 INFO    walled v1.0.0.0
2018-Jul-08 21:35:45.490602 INFO    Starting Payment Gate with remote node
2018-Jul-08 21:35:45.490602 INFO    Loading wallet
2018-Jul-08 21:35:45.490602 INFO    Loading container...
2018-Jul-08 21:35:45.515601 INFO    Consumer added, consumer 0x25246ac37a0, count 1
2018-Jul-08 21:35:45.515601 INFO    Starting...
2018-Jul-08 21:35:45.516602 INFO    Container loaded, view public key 25ec41a69ab6de17361332cfd16fc84f689d6e67b8cc131e8179e7de6feab6ee, wallet count 1, actual balance 0.000000000000, pending balance 0.000000000000
2018-Jul-08 21:35:45.516602 INFO    Removing outdated pool transactions...
2018-Jul-08 21:35:45.516602 INFO    Wallet loading is finished.
2018-Jul-08 21:35:45.517602 INFO    Stopping container
2018-Jul-08 21:35:45.517602 ERROR   WalletGreen is already stopped
2018-Jul-08 21:35:50.551889 INFO    walled v1.0.0.0
2018-Jul-08 21:35:50.552889 INFO    Starting Payment Gate with remote node
2018-Jul-08 21:35:50.553889 INFO    Loading wallet
2018-Jul-08 21:35:50.553889 INFO    Loading container...
2018-Jul-08 21:35:50.581889 INFO    Consumer added, consumer 0x2a14a96b630, count 1
2018-Jul-08 21:35:50.581889 INFO    Starting...
2018-Jul-08 21:35:50.581889 INFO    Container loaded, view public key 25ec41a69ab6de17361332cfd16fc84f689d6e67b8cc131e8179e7de6feab6ee, wallet count 1, actual balance 0.000000000000, pending balance 0.000000000000
2018-Jul-08 21:35:50.581889 INFO    Removing outdated pool transactions...
2018-Jul-08 21:35:50.582904 INFO    Wallet loading is finished.
2018-Jul-08 21:35:50.583898 ERROR   Failed to query outdated pool transaction: NodeErrorCategory:3, Network error
2018-Jul-08 21:35:50.583898 INFO    Retry in 5 seconds...
2018-Jul-08 21:35:55.585380 INFO    Removing outdated pool transactions...
2018-Jul-08 21:35:55.586365 ERROR   Failed to query outdated pool transaction: NodeErrorCategory:3, Network error
2018-Jul-08 21:35:55.586365 INFO    Retry in 5 seconds...
2018-Jul-08 21:35:55.903436 WARNING Error while getting transactions: Requested object not found
2018-Jul-08 21:36:00.586933 INFO    Removing outdated pool transactions...
2018-Jul-08 21:36:00.587929 ERROR   Failed to query outdated pool transaction: NodeErrorCategory:3, Network error
2018-Jul-08 21:36:00.587929 INFO    Retry in 5 seconds...
2018-Jul-08 21:36:05.589348 INFO    Removing outdated pool transactions...
2018-Jul-08 21:36:05.590347 ERROR   Failed to query outdated pool transaction: NodeErrorCategory:3, Network error
2018-Jul-08 21:36:05.590347 INFO    Retry in 5 seconds...
2018-Jul-08 21:36:52.394057 INFO    walled v1.0.0.0
2018-Jul-08 21:36:52.396057 INFO    Generating new wallet
2018-Jul-08 21:36:52.430065 INFO    New container initialized, public view key ba1e35449d7083b3c770af3ae773451217d32ab922b6a60919d191ae87efe11d
2018-Jul-08 21:36:52.434056 INFO    Consumer added, consumer 0x192a3f11950, count 1
2018-Jul-08 21:36:52.435054 INFO    New wallet added TL3Dh4AvEBEbsD4eFCPr9ncDv79ePjr1nB9KPG5khohwDwxyjBwDuhHP2gG9q6EAQaCZ5BUUwBa3FUmkfVXwKnp62w6pTau4p, creation timestamp 1531078612
2018-Jul-08 21:36:52.435054 INFO    Starting...
2018-Jul-08 21:36:52.435054 INFO    New wallet is generated. Address: TL3Dh4AvEBEbsD4eFCPr9ncDv79ePjr1nB9KPG5khohwDwxyjBwDuhHP2gG9q6EAQaCZ5BUUwBa3FUmkfVXwKnp62w6pTau4p
2018-Jul-08 21:36:52.435054 INFO    Removing outdated pool transactions...
2018-Jul-08 21:36:52.436057 INFO    Saving container...
2018-Jul-08 21:36:52.436057 INFO    Outdated pool transactions processed
2018-Jul-08 21:36:52.437054 INFO    Stopping...
2018-Jul-08 21:36:52.437054 INFO    Stopped
2018-Jul-08 21:36:52.449055 INFO    Starting...
2018-Jul-08 21:36:52.450056 INFO    Container saved
2018-Jul-08 21:36:52.450056 INFO    Wallet is saved
2018-Jul-08 21:36:52.450056 INFO    Stopping...
2018-Jul-08 21:36:52.450056 INFO    Stopped
2018-Jul-08 21:36:52.452069 INFO    Consumer removed, consumer 0x192a3f11950, count 0
2018-Jul-08 21:36:52.452069 INFO    Stopping...
2018-Jul-08 21:36:52.452069 INFO    Stopped
2018-Jul-08 21:36:52.452069 INFO    Stopping...
2018-Jul-08 21:36:52.452069 INFO    Stopped
2018-Jul-08 21:36:56.866066 INFO    walled v1.0.0.0
2018-Jul-08 21:36:56.868056 INFO    Starting Payment Gate with remote node
2018-Jul-08 21:36:56.868056 INFO    Loading wallet
2018-Jul-08 21:36:56.868056 INFO    Loading container...
2018-Jul-08 21:36:56.892054 INFO    Consumer added, consumer 0x1d77df82d30, count 1
2018-Jul-08 21:36:56.892054 INFO    Starting...
2018-Jul-08 21:36:56.892054 INFO    Container loaded, view public key ba1e35449d7083b3c770af3ae773451217d32ab922b6a60919d191ae87efe11d, wallet count 1, actual balance 0.000000000000, pending balance 0.000000000000
2018-Jul-08 21:36:56.892054 INFO    Removing outdated pool transactions...
2018-Jul-08 21:36:56.893056 INFO    Wallet loading is finished.
2018-Jul-08 21:36:56.893056 INFO    Stopping container
2018-Jul-08 21:36:56.893056 ERROR   WalletGreen is already stopped
2018-Jul-08 21:37:01.930401 INFO    walled v1.0.0.0
2018-Jul-08 21:37:01.931392 INFO    Starting Payment Gate with remote node
2018-Jul-08 21:37:01.932392 INFO    Loading wallet
2018-Jul-08 21:37:01.932392 INFO    Loading container...
2018-Jul-08 21:37:01.959391 INFO    Consumer added, consumer 0x1cff94daa40, count 1
2018-Jul-08 21:37:01.959391 INFO    Starting...
2018-Jul-08 21:37:01.960401 INFO    Removing outdated pool transactions...
2018-Jul-08 21:37:01.960401 INFO    Container loaded, view public key ba1e35449d7083b3c770af3ae773451217d32ab922b6a60919d191ae87efe11d, wallet count 1, actual balance 0.000000000000, pending balance 0.000000000000
2018-Jul-08 21:37:01.961392 INFO    Wallet loading is finished.
2018-Jul-08 21:37:01.962400 ERROR   Failed to query outdated pool transaction: NodeErrorCategory:3, Network error
2018-Jul-08 21:37:01.962400 INFO    Retry in 5 seconds...
2018-Jul-08 21:37:03.281374 WARNING Error while getting transactions: Requested object not found
2018-Jul-08 21:37:06.963208 INFO    Removing outdated pool transactions...
2018-Jul-08 21:37:06.964194 ERROR   Failed to query outdated pool transaction: NodeErrorCategory:3, Network error
2018-Jul-08 21:37:06.964194 INFO    Retry in 5 seconds...
2018-Jul-08 21:37:11.964855 INFO    Removing outdated pool transactions...
2018-Jul-08 21:37:11.965852 ERROR   Failed to query outdated pool transaction: NodeErrorCategory:3, Network error
2018-Jul-08 21:37:11.966844 INFO    Retry in 5 seconds...
2018-Jul-08 21:37:16.967420 INFO    Removing outdated pool transactions...
2018-Jul-08 21:37:16.968405 ERROR   Failed to query outdated pool transaction: NodeErrorCategory:3, Network error
2018-Jul-08 21:37:16.968405 INFO    Retry in 5 seconds...
2018-Jul-08 21:37:21.968973 INFO    Removing outdated pool transactions...
2018-Jul-08 21:37:21.969962 ERROR   Failed to query outdated pool transaction: NodeErrorCategory:3, Network error
2018-Jul-08 21:37:21.969962 INFO    Retry in 5 seconds...
2018-Jul-08 21:37:26.328838 WARNING Error while getting transactions: Requested object not found
2018-Jul-08 21:37:26.970871 INFO    Removing outdated pool transactions...
2018-Jul-08 21:37:26.971868 ERROR   Failed to query outdated pool transaction: NodeErrorCategory:3, Network error
2018-Jul-08 21:37:26.971868 INFO    Retry in 5 seconds...
2018-Jul-08 21:37:31.972814 INFO    Removing outdated pool transactions...
2018-Jul-08 21:37:31.973821 ERROR   Failed to query outdated pool transaction: NodeErrorCategory:3, Network error
2018-Jul-08 21:37:31.973821 INFO    Retry in 5 seconds...
2018-Jul-08 21:37:36.974000 INFO    Removing outdated pool transactions...
2018-Jul-08 21:37:36.974988 ERROR   Failed to query outdated pool transaction: NodeErrorCategory:3, Network error
2018-Jul-08 21:37:36.974988 INFO    Retry in 5 seconds...
2018-Jul-08 21:37:41.975319 INFO    Removing outdated pool transactions...
2018-Jul-08 21:37:41.976316 ERROR   Failed to query outdated pool transaction: NodeErrorCategory:3, Network error
2018-Jul-08 21:37:41.976316 INFO    Retry in 5 seconds...
2018-Jul-08 21:37:46.976557 INFO    Removing outdated pool transactions...
2018-Jul-08 21:37:46.977545 ERROR   Failed to query outdated pool transaction: NodeErrorCategory:3, Network error
2018-Jul-08 21:37:46.977545 INFO    Retry in 5 seconds...
2018-Jul-08 21:37:51.978751 INFO    Removing outdated pool transactions...
2018-Jul-08 21:37:51.979745 ERROR   Failed to query outdated pool transaction: NodeErrorCategory:3, Network error
2018-Jul-08 21:37:51.979745 INFO    Retry in 5 seconds...
2018-Jul-08 21:37:56.980743 INFO    Removing outdated pool transactions...
2018-Jul-08 21:37:56.981740 ERROR   Failed to query outdated pool transaction: NodeErrorCategory:3, Network error
2018-Jul-08 21:37:56.981740 INFO    Retry in 5 seconds...
2018-Jul-08 21:38:40.436243 INFO    walled v1.0.0.0
2018-Jul-08 21:38:40.437236 INFO    Generating new wallet
2018-Jul-08 21:38:40.479250 INFO    New container initialized, public view key 000c991812983adc3a55b18dcba1fa0e76ab08ad21a27e43d0c2e55cd0b6e5b0
2018-Jul-08 21:38:40.489235 INFO    Consumer added, consumer 0x1c09c52b700, count 1
2018-Jul-08 21:38:40.489235 INFO    New wallet added TL4vaz8mp91386qwHFGaCn7G1Dwt9c6FTF8o5S7qoWnkZ8vt2zy94PHAr24a8sGQHniprxJQ7msrZN7vouXnmhCh2yNxNuUkD, creation timestamp 1531078720
2018-Jul-08 21:38:40.489235 INFO    Starting...
2018-Jul-08 21:38:40.490234 INFO    Removing outdated pool transactions...
2018-Jul-08 21:38:40.490234 INFO    New wallet is generated. Address: TL4vaz8mp91386qwHFGaCn7G1Dwt9c6FTF8o5S7qoWnkZ8vt2zy94PHAr24a8sGQHniprxJQ7msrZN7vouXnmhCh2yNxNuUkD
2018-Jul-08 21:38:40.490234 INFO    Outdated pool transactions processed
2018-Jul-08 21:38:40.490234 INFO    Saving container...
2018-Jul-08 21:38:40.491244 INFO    Stopping...
2018-Jul-08 21:38:40.491244 INFO    Stopped
2018-Jul-08 21:38:40.502238 INFO    Starting...
2018-Jul-08 21:38:40.502238 INFO    Container saved
2018-Jul-08 21:38:40.502238 INFO    Wallet is saved
2018-Jul-08 21:38:40.502238 INFO    Stopping...
2018-Jul-08 21:38:40.503235 INFO    Stopped
2018-Jul-08 21:38:40.504234 INFO    Consumer removed, consumer 0x1c09c52b700, count 0
2018-Jul-08 21:38:40.504234 INFO    Stopping...
2018-Jul-08 21:38:40.504234 INFO    Stopped
2018-Jul-08 21:38:40.505236 INFO    Stopping...
2018-Jul-08 21:38:40.505236 INFO    Stopped
2018-Jul-08 21:38:45.152768 INFO    walled v1.0.0.0
2018-Jul-08 21:38:45.154758 INFO    Starting Payment Gate with remote node
2018-Jul-08 21:38:45.154758 INFO    Loading wallet
2018-Jul-08 21:38:45.154758 INFO    Loading container...
2018-Jul-08 21:38:45.180766 INFO    Consumer added, consumer 0x25bff539510, count 1
2018-Jul-08 21:38:45.181766 INFO    Starting...
2018-Jul-08 21:38:45.181766 INFO    Removing outdated pool transactions...
2018-Jul-08 21:38:45.181766 INFO    Container loaded, view public key 000c991812983adc3a55b18dcba1fa0e76ab08ad21a27e43d0c2e55cd0b6e5b0, wallet count 1, actual balance 0.000000000000, pending balance 0.000000000000
2018-Jul-08 21:38:45.181766 INFO    Wallet loading is finished.
2018-Jul-08 21:38:45.181766 INFO    Stopping container
2018-Jul-08 21:38:45.182776 ERROR   WalletGreen is already stopped
2018-Jul-08 21:38:45.182776 INFO    Stopping...
2018-Jul-08 21:38:50.217500 INFO    walled v1.0.0.0
2018-Jul-08 21:38:50.218500 INFO    Starting Payment Gate with remote node
2018-Jul-08 21:38:50.218500 INFO    Loading wallet
2018-Jul-08 21:38:50.219502 INFO    Loading container...
2018-Jul-08 21:38:50.245508 INFO    Consumer added, consumer 0x18a7aa2bc10, count 1
2018-Jul-08 21:38:50.245508 INFO    Starting...
2018-Jul-08 21:38:50.246499 INFO    Removing outdated pool transactions...
2018-Jul-08 21:38:50.246499 INFO    Container loaded, view public key 000c991812983adc3a55b18dcba1fa0e76ab08ad21a27e43d0c2e55cd0b6e5b0, wallet count 1, actual balance 0.000000000000, pending balance 0.000000000000
2018-Jul-08 21:38:50.247510 INFO    Wallet loading is finished.
2018-Jul-08 21:38:50.248509 ERROR   Failed to query outdated pool transaction: NodeErrorCategory:3, Network error
2018-Jul-08 21:38:50.248509 INFO    Retry in 5 seconds...
2018-Jul-08 21:38:53.583082 WARNING Error while getting transactions: Requested object not found
2018-Jul-08 21:38:55.248556 INFO    Removing outdated pool transactions...
2018-Jul-08 21:38:55.249539 ERROR   Failed to query outdated pool transaction: NodeErrorCategory:3, Network error
2018-Jul-08 21:38:55.250545 INFO    Retry in 5 seconds...
2018-Jul-08 21:39:00.251488 INFO    Removing outdated pool transactions...
2018-Jul-08 21:39:00.252485 ERROR   Failed to query outdated pool transaction: NodeErrorCategory:3, Network error
2018-Jul-08 21:39:00.252485 INFO    Retry in 5 seconds...
2018-Jul-08 21:39:05.253177 INFO    Removing outdated pool transactions...
2018-Jul-08 21:39:05.254165 ERROR   Failed to query outdated pool transaction: NodeErrorCategory:3, Network error
2018-Jul-08 21:39:05.254165 INFO    Retry in 5 seconds...
2018-Jul-08 21:39:10.254433 INFO    Removing outdated pool transactions...
2018-Jul-08 21:39:10.255417 ERROR   Failed to query outdated pool transaction: NodeErrorCategory:3, Network error
2018-Jul-08 21:39:10.255417 INFO    Retry in 5 seconds...
2018-Jul-08 21:39:15.256304 INFO    Removing outdated pool transactions...
2018-Jul-08 21:39:15.257292 ERROR   Failed to query outdated pool transaction: NodeErrorCategory:3, Network error
2018-Jul-08 21:39:15.257292 INFO    Retry in 5 seconds...
2018-Jul-08 21:39:20.259110 INFO    Removing outdated pool transactions...
2018-Jul-08 21:39:20.260107 ERROR   Failed to query outdated pool transaction: NodeErrorCategory:3, Network error
2018-Jul-08 21:39:20.260107 INFO    Retry in 5 seconds...
2018-Jul-08 21:39:25.260325 INFO    Removing outdated pool transactions...
2018-Jul-08 21:39:25.261309 ERROR   Failed to query outdated pool transaction: NodeErrorCategory:3, Network error
2018-Jul-08 21:39:25.261309 INFO    Retry in 5 seconds...
2018-Jul-08 21:39:30.262278 INFO    Removing outdated pool transactions...
2018-Jul-08 21:39:30.263275 ERROR   Failed to query outdated pool transaction: NodeErrorCategory:3, Network error
2018-Jul-08 21:39:30.263275 INFO    Retry in 5 seconds...
2018-Jul-08 21:39:31.366389 WARNING Connection error: The stream is ended
2018-Jul-08 21:40:11.886631 INFO    walled v1.0.0.0
2018-Jul-08 21:40:11.888621 INFO    Generating new wallet
2018-Jul-08 21:40:11.916630 INFO    New container initialized, public view key f02c58096799b6fda92849fcac866028e49666f2b84fd4639c5d5156e25b3e0f
2018-Jul-08 21:40:11.920620 INFO    Consumer added, consumer 0x16ae087d010, count 1
2018-Jul-08 21:40:11.920620 INFO    New wallet added TL4gkpCeoz6Nfq8yVaiCyzBmXXv9p6evTJmfn6X2ryCX74Fa65JDBcLXcExLmQppVBH5sTPSbQwuQcXSYPTqTjzz1XuTnpAGJ, creation timestamp 1531078811
2018-Jul-08 21:40:11.920620 INFO    Starting...
2018-Jul-08 21:40:11.920620 INFO    Removing outdated pool transactions...
2018-Jul-08 21:40:11.920620 INFO    New wallet is generated. Address: TL4gkpCeoz6Nfq8yVaiCyzBmXXv9p6evTJmfn6X2ryCX74Fa65JDBcLXcExLmQppVBH5sTPSbQwuQcXSYPTqTjzz1XuTnpAGJ
2018-Jul-08 21:40:11.921620 INFO    Saving container...
2018-Jul-08 21:40:11.921620 INFO    Outdated pool transactions processed
2018-Jul-08 21:40:11.921620 INFO    Stopping...
2018-Jul-08 21:40:11.922621 INFO    Stopped
2018-Jul-08 21:40:11.933622 INFO    Starting...
2018-Jul-08 21:40:11.933622 INFO    Container saved
2018-Jul-08 21:40:11.933622 INFO    Wallet is saved
2018-Jul-08 21:40:11.933622 INFO    Stopping...
2018-Jul-08 21:40:11.934620 INFO    Stopped
2018-Jul-08 21:40:11.935622 INFO    Consumer removed, consumer 0x16ae087d010, count 0
2018-Jul-08 21:40:11.936620 INFO    Stopping...
2018-Jul-08 21:40:11.936620 INFO    Stopped
2018-Jul-08 21:40:11.936620 INFO    Stopping...
2018-Jul-08 21:40:11.936620 INFO    Stopped
2018-Jul-08 21:40:18.513357 INFO    walled v1.0.0.0
2018-Jul-08 21:40:18.514358 INFO    Starting Payment Gate with remote node
2018-Jul-08 21:40:18.515357 INFO    Loading wallet
2018-Jul-08 21:40:18.515357 INFO    Loading container...
2018-Jul-08 21:40:18.539357 INFO    Consumer added, consumer 0x20e2e108260, count 1
2018-Jul-08 21:40:18.539357 INFO    Starting...
2018-Jul-08 21:40:18.540365 INFO    Removing outdated pool transactions...
2018-Jul-08 21:40:18.540365 INFO    Container loaded, view public key f02c58096799b6fda92849fcac866028e49666f2b84fd4639c5d5156e25b3e0f, wallet count 1, actual balance 0.000000000000, pending balance 0.000000000000
2018-Jul-08 21:40:18.540365 INFO    Wallet loading is finished.
2018-Jul-08 21:40:18.541357 INFO    Stopping container
2018-Jul-08 21:40:18.541357 ERROR   WalletGreen is already stopped
2018-Jul-08 21:40:23.574700 INFO    walled v1.0.0.0
2018-Jul-08 21:40:23.575700 INFO    Starting Payment Gate with remote node
2018-Jul-08 21:40:23.575700 INFO    Loading wallet
2018-Jul-08 21:40:23.576701 INFO    Loading container...
2018-Jul-08 21:40:23.600699 INFO    Consumer added, consumer 0x17c362b2c30, count 1
2018-Jul-08 21:40:23.600699 INFO    Starting...
2018-Jul-08 21:40:23.600699 INFO    Removing outdated pool transactions...
2018-Jul-08 21:40:23.600699 INFO    Container loaded, view public key f02c58096799b6fda92849fcac866028e49666f2b84fd4639c5d5156e25b3e0f, wallet count 1, actual balance 0.000000000000, pending balance 0.000000000000
2018-Jul-08 21:40:23.601715 INFO    Wallet loading is finished.
2018-Jul-08 21:40:23.602701 ERROR   Failed to query outdated pool transaction: NodeErrorCategory:3, Network error
2018-Jul-08 21:40:23.602701 INFO    Retry in 5 seconds...
2018-Jul-08 21:40:24.938898 WARNING Error while getting transactions: Requested object not found
2018-Jul-08 21:40:28.603411 INFO    Removing outdated pool transactions...
2018-Jul-08 21:40:28.604408 ERROR   Failed to query outdated pool transaction: NodeErrorCategory:3, Network error
2018-Jul-08 21:40:28.604408 INFO    Retry in 5 seconds...
2018-Jul-08 21:45:40.567944 INFO    walled v1.0.0.0
2018-Jul-08 21:45:40.569953 INFO    Starting Payment Gate with remote node
2018-Jul-08 21:45:40.569953 INFO    Loading wallet
2018-Jul-08 21:45:40.569953 INFO    Loading container...
2018-Jul-08 21:45:40.600958 INFO    Consumer added, consumer 0x207c367c130, count 1
2018-Jul-08 21:45:40.600958 INFO    Loading...
2018-Jul-08 21:45:40.600958 INFO    Loaded
2018-Jul-08 21:45:40.600958 INFO    Starting...
2018-Jul-08 21:45:40.601943 INFO    Removing outdated pool transactions...
2018-Jul-08 21:45:40.601943 INFO    Container loaded, view public key f02c58096799b6fda92849fcac866028e49666f2b84fd4639c5d5156e25b3e0f, wallet count 1, actual balance 0.000000000000, pending balance 0.000000000000
2018-Jul-08 21:45:40.601943 INFO    Wallet loading is finished.
2018-Jul-08 21:45:40.601943 INFO    Stopping container
2018-Jul-08 21:45:40.602943 ERROR   WalletGreen is already stopped
2018-Jul-08 21:45:45.637314 INFO    walled v1.0.0.0
2018-Jul-08 21:45:45.638314 INFO    Starting Payment Gate with remote node
2018-Jul-08 21:45:45.638314 INFO    Loading wallet
2018-Jul-08 21:45:45.638314 INFO    Loading container...
2018-Jul-08 21:45:45.668314 INFO    Consumer added, consumer 0x15affdffd70, count 1
2018-Jul-08 21:45:45.668314 INFO    Loading...
2018-Jul-08 21:45:45.668314 INFO    Loaded
2018-Jul-08 21:45:45.668314 INFO    Starting...
2018-Jul-08 21:45:45.668314 INFO    Removing outdated pool transactions...
2018-Jul-08 21:45:45.668314 INFO    Container loaded, view public key f02c58096799b6fda92849fcac866028e49666f2b84fd4639c5d5156e25b3e0f, wallet count 1, actual balance 0.000000000000, pending balance 0.000000000000
2018-Jul-08 21:45:45.669314 INFO    Wallet loading is finished.
2018-Jul-08 21:45:45.669314 INFO    Outdated pool transactions processed
2018-Jul-08 21:45:46.992301 WARNING Error while getting transactions: Requested object not found
2018-Jul-08 21:46:05.041728 INFO    Wallet balance updated, address TL4gkpCeoz6Nfq8yVaiCyzBmXXv9p6evTJmfn6X2ryCX74Fa65JDBcLXcExLmQppVBH5sTPSbQwuQcXSYPTqTjzz1XuTnpAGJ, actual 0.000000000000, pending 8.796088827904
2018-Jul-08 21:46:05.042729 INFO    Container balance updated, actual 0.000000000000, pending 8.796088827904
2018-Jul-08 21:46:05.042729 INFO    New transaction received, ID 0, hash 234938ce0366d7c82e751f22ec78888a4289c5f61623c912547ba9c325bbcf63, state SUCCEEDED (0), totalAmount 8.796088827904, fee 0.000000000000, transfers: 
       8.796088827904 TL4gkpCeoz6Nfq8yVaiCyzBmXXv9p6evTJmfn6X2ryCX74Fa65JDBcLXcExLmQppVBH5sTPSbQwuQcXSYPTqTjzz1XuTnpAGJ USUAL (0)
2018-Jul-08 21:46:05.388728 INFO    Wallet balance updated, address TL4gkpCeoz6Nfq8yVaiCyzBmXXv9p6evTJmfn6X2ryCX74Fa65JDBcLXcExLmQppVBH5sTPSbQwuQcXSYPTqTjzz1XuTnpAGJ, actual 0.000000000000, pending 0.000000000000
2018-Jul-08 21:46:05.389718 INFO    Container balance updated, actual 0.000000000000, pending 0.000000000000
2018-Jul-08 21:46:05.389718 INFO    Transaction deleted, ID 0, hash 234938ce0366d7c82e751f22ec78888a4289c5f61623c912547ba9c325bbcf63, state CANCELLED (2), block 4294967295, totalAmount 8.796088827904, fee 0.000000000000
2018-Jul-08 21:46:05.393719 INFO    Wallet balance updated, address TL4gkpCeoz6Nfq8yVaiCyzBmXXv9p6evTJmfn6X2ryCX74Fa65JDBcLXcExLmQppVBH5sTPSbQwuQcXSYPTqTjzz1XuTnpAGJ, actual 0.000000000000, pending 8.796088827904
2018-Jul-08 21:46:05.393719 INFO    Container balance updated, actual 0.000000000000, pending 8.796088827904
2018-Jul-08 21:46:05.750717 INFO    Wallet balance updated, address TL4gkpCeoz6Nfq8yVaiCyzBmXXv9p6evTJmfn6X2ryCX74Fa65JDBcLXcExLmQppVBH5sTPSbQwuQcXSYPTqTjzz1XuTnpAGJ, actual 0.000000000000, pending 0.000000000000
2018-Jul-08 21:46:05.751708 INFO    Container balance updated, actual 0.000000000000, pending 0.000000000000
2018-Jul-08 21:46:05.751708 INFO    Transaction deleted, ID 0, hash 234938ce0366d7c82e751f22ec78888a4289c5f61623c912547ba9c325bbcf63, state CANCELLED (2), block 4294967295, totalAmount 8.796088827904, fee 0.000000000000
2018-Jul-08 21:46:05.757708 INFO    Wallet balance updated, address TL4gkpCeoz6Nfq8yVaiCyzBmXXv9p6evTJmfn6X2ryCX74Fa65JDBcLXcExLmQppVBH5sTPSbQwuQcXSYPTqTjzz1XuTnpAGJ, actual 0.000000000000, pending 17.592173461506
2018-Jul-08 21:46:05.757708 INFO    Container balance updated, actual 0.000000000000, pending 17.592173461506
2018-Jul-08 21:46:05.757708 INFO    New transaction received, ID 1, hash 3c2f9f365ed4c53d8436cc86d351f701d6f3b7cd62d54e276549a0f9987ca94c, state SUCCEEDED (0), totalAmount 8.796084633602, fee 0.000000000000, transfers: 
       8.796084633602 TL4gkpCeoz6Nfq8yVaiCyzBmXXv9p6evTJmfn6X2ryCX74Fa65JDBcLXcExLmQppVBH5sTPSbQwuQcXSYPTqTjzz1XuTnpAGJ USUAL (0)
2018-Jul-08 21:46:06.256693 INFO    Wallet balance updated, address TL4gkpCeoz6Nfq8yVaiCyzBmXXv9p6evTJmfn6X2ryCX74Fa65JDBcLXcExLmQppVBH5sTPSbQwuQcXSYPTqTjzz1XuTnpAGJ, actual 0.000000000000, pending 0.000000000000
2018-Jul-08 21:46:06.258693 INFO    Container balance updated, actual 0.000000000000, pending 0.000000000000
2018-Jul-08 21:46:06.258693 INFO    Transaction deleted, ID 1, hash 3c2f9f365ed4c53d8436cc86d351f701d6f3b7cd62d54e276549a0f9987ca94c, state CANCELLED (2), block 4294967295, totalAmount 8.796084633602, fee 0.000000000000
2018-Jul-08 21:46:06.258693 INFO    Transaction deleted, ID 0, hash 234938ce0366d7c82e751f22ec78888a4289c5f61623c912547ba9c325bbcf63, state CANCELLED (2), block 4294967295, totalAmount 8.796088827904, fee 0.000000000000
2018-Jul-08 21:46:06.265693 INFO    Wallet balance updated, address TL4gkpCeoz6Nfq8yVaiCyzBmXXv9p6evTJmfn6X2ryCX74Fa65JDBcLXcExLmQppVBH5sTPSbQwuQcXSYPTqTjzz1XuTnpAGJ, actual 0.000000000000, pending 17.592173461506
2018-Jul-08 21:46:06.265693 INFO    Container balance updated, actual 0.000000000000, pending 17.592173461506
2018-Jul-08 21:46:06.762683 INFO    Wallet balance updated, address TL4gkpCeoz6Nfq8yVaiCyzBmXXv9p6evTJmfn6X2ryCX74Fa65JDBcLXcExLmQppVBH5sTPSbQwuQcXSYPTqTjzz1XuTnpAGJ, actual 0.000000000000, pending 0.000000000000
2018-Jul-08 21:46:06.762683 INFO    Container balance updated, actual 0.000000000000, pending 0.000000000000
2018-Jul-08 21:46:06.762683 INFO    Transaction deleted, ID 1, hash 3c2f9f365ed4c53d8436cc86d351f701d6f3b7cd62d54e276549a0f9987ca94c, state CANCELLED (2), block 4294967295, totalAmount 8.796084633602, fee 0.000000000000
2018-Jul-08 21:46:06.762683 INFO    Transaction deleted, ID 0, hash 234938ce0366d7c82e751f22ec78888a4289c5f61623c912547ba9c325bbcf63, state CANCELLED (2), block 4294967295, totalAmount 8.796088827904, fee 0.000000000000
2018-Jul-08 21:46:06.768683 INFO    Wallet balance updated, address TL4gkpCeoz6Nfq8yVaiCyzBmXXv9p6evTJmfn6X2ryCX74Fa65JDBcLXcExLmQppVBH5sTPSbQwuQcXSYPTqTjzz1XuTnpAGJ, actual 0.000000000000, pending 17.592173461506
2018-Jul-08 21:46:06.768683 INFO    Container balance updated, actual 0.000000000000, pending 17.592173461506
2018-Jul-08 21:46:11.765557 INFO    Wallet balance updated, address TL4gkpCeoz6Nfq8yVaiCyzBmXXv9p6evTJmfn6X2ryCX74Fa65JDBcLXcExLmQppVBH5sTPSbQwuQcXSYPTqTjzz1XuTnpAGJ, actual 0.000000000000, pending 26.388253900807
2018-Jul-08 21:46:11.765557 INFO    Container balance updated, actual 0.000000000000, pending 26.388253900807
2018-Jul-08 21:46:11.765557 INFO    New transaction received, ID 2, hash 115b5876b9e9b007b3acc2c1d92df98c0817a4bcff02a6774efce8254d072d58, state SUCCEEDED (0), totalAmount 8.796080439301, fee 0.000000000000, transfers: 
       8.796080439301 TL4gkpCeoz6Nfq8yVaiCyzBmXXv9p6evTJmfn6X2ryCX74Fa65JDBcLXcExLmQppVBH5sTPSbQwuQcXSYPTqTjzz1XuTnpAGJ USUAL (0)
2018-Jul-08 22:29:18.406501 INFO    walled v1.0.0.0
2018-Jul-08 22:29:18.408502 INFO    Starting Payment Gate with remote node
2018-Jul-08 22:29:18.409505 INFO    Loading wallet
2018-Jul-08 22:29:18.409505 INFO    Loading container...
2018-Jul-08 22:29:18.438510 INFO    Consumer added, consumer 0x2b3baf98ce0, count 1
2018-Jul-08 22:29:18.438510 INFO    Starting...
2018-Jul-08 22:29:18.438510 INFO    Container loaded, view public key e788cf3fbd99801bdb9414513b1a07695e167d2aae4a3e728f92663d81d75c42, wallet count 1, actual balance 0.000000000000, pending balance 0.000000000000
2018-Jul-08 22:29:18.438510 INFO    Removing outdated pool transactions...
2018-Jul-08 22:29:18.439500 INFO    Wallet loading is finished.
2018-Jul-08 22:29:18.439500 INFO    Stopping container
2018-Jul-08 22:29:18.439500 ERROR   WalletGreen is already stopped
